<?xml version="1.0" encoding="UTF-8"?>
<testsuite name="org.example.BankTest" tests="4" skipped="0" failures="0" errors="0" timestamp="2023-12-15T05:59:52" hostname="localhost.localdomain" time="0.193">
  <properties/>
  <testcase name="testAddCustomer()" classname="org.example.BankTest" time="0.155"/>
  <testcase name="testAddAccount()" classname="org.example.BankTest" time="0.003"/>
  <testcase name="testWithdrawMoney()" classname="org.example.BankTest" time="0.027"/>
  <testcase name="testDepositMoney()" classname="org.example.BankTest" time="0.004"/>
  <system-out><![CDATA[Enter account number to withdraw: Error: null
Enter account number to update: Error : null
]]></system-out>
  <system-err><![CDATA[]]></system-err>
</testsuite>
