<?xml version="1.0" encoding="UTF-8"?>
<testsuite name="org.example.BankTest" tests="2" skipped="0" failures="0" errors="0" timestamp="2023-12-13T07:36:25" hostname="localhost.localdomain" time="0.039">
  <properties/>
  <testcase name="testAddCustomer()" classname="org.example.BankTest" time="0.035"/>
  <testcase name="testAddAccount()" classname="org.example.BankTest" time="0.003"/>
  <system-out><![CDATA[]]></system-out>
  <system-err><![CDATA[]]></system-err>
</testsuite>
